# JRE version: Java(TM) SE Runtime Environment (8.0_291-b10) (build 1.8.0_291-b10)
# Java VM: Java HotSpot(TM) 64-Bit Server VM (25.291-b10 mixed mode windows-amd64 compressed oops)
Heap:
 par new generation   total 125120K, used 39738K [0x00000000c0000000, 0x00000000c8000000, 0x00000000c8000000)
  eden space 119168K,  28% used [0x00000000c0000000, 0x00000000c20feb20, 0x00000000c7460000)
  from space 5952K, 100% used [0x00000000c7a30000, 0x00000000c8000000, 0x00000000c8000000)
  to   space 5952K,   0% used [0x00000000c7460000, 0x00000000c7460000, 0x00000000c7a30000)
 concurrent mark-sweep generation total 176128K, used 94671K [0x00000000c8000000, 0x00000000d2c00000, 0x0000000100000000)
 Metaspace       used 91288K, capacity 98233K, committed 98440K, reserved 1134592K
  class space    used 10999K, capacity 12844K, committed 12936K, reserved 1048576K
GC Heap History (10 events):
Event: 38.437 GC heap before
{Heap before GC invocations=16 (full 1):
 par new generation   total 125120K, used 125120K [0x00000000c0000000, 0x00000000c8000000, 0x00000000c8000000)
  eden space 119168K, 100% used [0x00000000c0000000, 0x00000000c7460000, 0x00000000c7460000)
  from space 5952K, 100% used [0x00000000c7460000, 0x00000000c7a30000, 0x00000000c7a30000)
  to   space 5952K,   0% used [0x00000000c7a30000, 0x00000000c7a30000, 0x00000000c8000000)
 concurrent mark-sweep generation total 176128K, used 96059K [0x00000000c8000000, 0x00000000d2c00000, 0x0000000100000000)
 Metaspace       used 49422K, capacity 52623K, committed 52700K, reserved 1095680K
  class space    used 5273K, capacity 6098K, committed 6108K, reserved 1048576K
Event: 38.589 GC heap after
Heap after GC invocations=17 (full 1):
 par new generation   total 125120K, used 5952K [0x00000000c0000000, 0x00000000c8000000, 0x00000000c8000000)
  eden space 119168K,   0% used [0x00000000c0000000, 0x00000000c0000000, 0x00000000c7460000)
  from space 5952K, 100% used [0x00000000c7a30000, 0x00000000c8000000, 0x00000000c8000000)
  to   space 5952K,   0% used [0x00000000c7460000, 0x00000000c7460000, 0x00000000c7a30000)
 concurrent mark-sweep generation total 176128K, used 110384K [0x00000000c8000000, 0x00000000d2c00000, 0x0000000100000000)
 Metaspace       used 49422K, capacity 52623K, committed 52700K, reserved 1095680K
  class space    used 5273K, capacity 6098K, committed 6108K, reserved 1048576K
}
Event: 49.640 GC heap before
{Heap before GC invocations=17 (full 2):
 par new generation   total 125120K, used 125120K [0x00000000c0000000, 0x00000000c8000000, 0x00000000c8000000)
  eden space 119168K, 100% used [0x00000000c0000000, 0x00000000c7460000, 0x00000000c7460000)
  from space 5952K, 100% used [0x00000000c7a30000, 0x00000000c8000000, 0x00000000c8000000)
  to   space 5952K,   0% used [0x00000000c7460000, 0x00000000c7460000, 0x00000000c7a30000)
 concurrent mark-sweep generation total 176128K, used 43441K [0x00000000c8000000, 0x00000000d2c00000, 0x0000000100000000)
 Metaspace       used 62079K, capacity 66335K, committed 66440K, reserved 1107968K
  class space    used 7120K, capacity 8253K, committed 8328K, reserved 1048576K
Event: 49.693 GC heap after
Heap after GC invocations=18 (full 2):
 par new generation   total 125120K, used 5952K [0x00000000c0000000, 0x00000000c8000000, 0x00000000c8000000)
  eden space 119168K,   0% used [0x00000000c0000000, 0x00000000c0000000, 0x00000000c7460000)
  from space 5952K, 100% used [0x00000000c7460000, 0x00000000c7a30000, 0x00000000c7a30000)
  to   space 5952K,   0% used [0x00000000c7a30000, 0x00000000c7a30000, 0x00000000c8000000)
 concurrent mark-sweep generation total 176128K, used 59660K [0x00000000c8000000, 0x00000000d2c00000, 0x0000000100000000)
 Metaspace       used 62079K, capacity 66335K, committed 66440K, reserved 1107968K
  class space    used 7120K, capacity 8253K, committed 8328K, reserved 1048576K
}
Event: 51.289 GC heap before
{Heap before GC invocations=18 (full 2):
 par new generation   total 125120K, used 82727K [0x00000000c0000000, 0x00000000c8000000, 0x00000000c8000000)
  eden space 119168K,  64% used [0x00000000c0000000, 0x00000000c4af9c98, 0x00000000c7460000)
  from space 5952K, 100% used [0x00000000c7460000, 0x00000000c7a30000, 0x00000000c7a30000)
  to   space 5952K,   0% used [0x00000000c7a30000, 0x00000000c7a30000, 0x00000000c8000000)
 concurrent mark-sweep generation total 176128K, used 59660K [0x00000000c8000000, 0x00000000d2c00000, 0x0000000100000000)
 Metaspace       used 65654K, capacity 70339K, committed 70408K, reserved 1110016K
  class space    used 7591K, capacity 8918K, committed 8968K, reserved 1048576K
Event: 51.329 GC heap after
Heap after GC invocations=19 (full 2):
 par new generation   total 125120K, used 5951K [0x00000000c0000000, 0x00000000c8000000, 0x00000000c8000000)
  eden space 119168K,   0% used [0x00000000c0000000, 0x00000000c0000000, 0x00000000c7460000)
  from space 5952K,  99% used [0x00000000c7a30000, 0x00000000c7fffff8, 0x00000000c8000000)
  to   space 5952K,   0% used [0x00000000c7460000, 0x00000000c7460000, 0x00000000c7a30000)
 concurrent mark-sweep generation total 176128K, used 65915K [0x00000000c8000000, 0x00000000d2c00000, 0x0000000100000000)
 Metaspace       used 65654K, capacity 70339K, committed 70408K, reserved 1110016K
  class space    used 7591K, capacity 8918K, committed 8968K, reserved 1048576K
}
Event: 57.199 GC heap before
{Heap before GC invocations=19 (full 2):
 par new generation   total 125120K, used 125119K [0x00000000c0000000, 0x00000000c8000000, 0x00000000c8000000)
  eden space 119168K, 100% used [0x00000000c0000000, 0x00000000c7460000, 0x00000000c7460000)
  from space 5952K,  99% used [0x00000000c7a30000, 0x00000000c7fffff8, 0x00000000c8000000)
  to   space 5952K,   0% used [0x00000000c7460000, 0x00000000c7460000, 0x00000000c7a30000)
 concurrent mark-sweep generation total 176128K, used 65915K [0x00000000c8000000, 0x00000000d2c00000, 0x0000000100000000)
 Metaspace       used 70903K, capacity 76527K, committed 76552K, reserved 1116160K
  class space    used 8269K, capacity 9734K, committed 9736K, reserved 1048576K
Event: 57.267 GC heap after
Heap after GC invocations=20 (full 2):
 par new generation   total 125120K, used 5952K [0x00000000c0000000, 0x00000000c8000000, 0x00000000c8000000)
  eden space 119168K,   0% used [0x00000000c0000000, 0x00000000c0000000, 0x00000000c7460000)
  from space 5952K, 100% used [0x00000000c7460000, 0x00000000c7a30000, 0x00000000c7a30000)
  to   space 5952K,   0% used [0x00000000c7a30000, 0x00000000c7a30000, 0x00000000c8000000)
 concurrent mark-sweep generation total 176128K, used 81905K [0x00000000c8000000, 0x00000000d2c00000, 0x0000000100000000)
 Metaspace       used 70903K, capacity 76527K, committed 76552K, reserved 1116160K
  class space    used 8269K, capacity 9734K, committed 9736K, reserved 1048576K
}
Event: 67.887 GC heap before
{Heap before GC invocations=20 (full 2):
 par new generation   total 125120K, used 125120K [0x00000000c0000000, 0x00000000c8000000, 0x00000000c8000000)
  eden space 119168K, 100% used [0x00000000c0000000, 0x00000000c7460000, 0x00000000c7460000)
  from space 5952K, 100% used [0x00000000c7460000, 0x00000000c7a30000, 0x00000000c7a30000)
  to   space 5952K,   0% used [0x00000000c7a30000, 0x00000000c7a30000, 0x00000000c8000000)
 concurrent mark-sweep generation total 176128K, used 81905K [0x00000000c8000000, 0x00000000d2c00000, 0x0000000100000000)
 Metaspace       used 87425K, capacity 93925K, committed 94216K, reserved 1130496K
  class space    used 10468K, capacity 12170K, committed 12296K, reserved 1048576K
Event: 67.971 GC heap after
Heap after GC invocations=21 (full 2):
 par new generation   total 125120K, used 5952K [0x00000000c0000000, 0x00000000c8000000, 0x00000000c8000000)
  eden space 119168K,   0% used [0x00000000c0000000, 0x00000000c0000000, 0x00000000c7460000)
  from space 5952K, 100% used [0x00000000c7a30000, 0x00000000c8000000, 0x00000000c8000000)
  to   space 5952K,   0% used [0x00000000c7460000, 0x00000000c7460000, 0x00000000c7a30000)
 concurrent mark-sweep generation total 176128K, used 94671K [0x00000000c8000000, 0x00000000d2c00000, 0x0000000100000000)
 Metaspace       used 87425K, capacity 93925K, committed 94216K, reserved 1130496K
  class space    used 10468K, capacity 12170K, committed 12296K, reserved 1048576K
}

